<?xml version="1.0" encoding="UTF-8"?>
<!-- Generated by org.testng.reporters.JUnitReportReporter -->
<testsuite hostname="LAPTOP-C2RA5JIE" failures="0" tests="1" name="com.sri.WebDriverMaven.LoginTest" time="2.164" errors="0" timestamp="2021-03-08T09:25:39 EST" skipped="0">
  <testcase classname="com.sri.WebDriverMaven.LoginTest" name="login" time="2.164"/>
  <system-out/>
</testsuite> <!-- com.sri.WebDriverMaven.LoginTest -->
